[debug] [2025-02-22T05:40:01.341Z] ----------------------------------------------------------------------
[debug] [2025-02-22T05:40:01.343Z] Command:       C:\Program Files\nodejs\node.exe C:\Users\mmoga\AppData\Roaming\npm\node_modules\firebase-tools\lib\bin\firebase.js init
[debug] [2025-02-22T05:40:01.343Z] CLI Version:   13.31.2
[debug] [2025-02-22T05:40:01.343Z] Platform:      win32
[debug] [2025-02-22T05:40:01.343Z] Node Version:  v22.14.0
[debug] [2025-02-22T05:40:01.343Z] Time:          Sat Feb 22 2025 12:40:01 GMT+0700 (Western Indonesia Time)
[debug] [2025-02-22T05:40:01.343Z] ----------------------------------------------------------------------
[debug] 
[debug] [2025-02-22T05:40:01.347Z] > command requires scopes: ["email","openid","https://www.googleapis.com/auth/cloudplatformprojects.readonly","https://www.googleapis.com/auth/firebase","https://www.googleapis.com/auth/cloud-platform"]
[debug] [2025-02-22T05:40:01.348Z] > authorizing via signed-in user (mmogamerez@gmail.com)
[info] 
     ######## #### ########  ######## ########     ###     ######  ########
     ##        ##  ##     ## ##       ##     ##  ##   ##  ##       ##
     ######    ##  ########  ######   ########  #########  ######  ######
     ##        ##  ##    ##  ##       ##     ## ##     ##       ## ##
     ##       #### ##     ## ######## ########  ##     ##  ######  ########

You're about to initialize a Firebase project in this directory:

  C:\Users\mmoga\Desktop\Projects\bored

[info] 
=== Project Setup
[info] 
[info] First, let's associate this project directory with a Firebase project.
[info] You can create multiple project aliases by running firebase use --add, 
[info] but for now we'll just set up a default project.
[info] 
[debug] [2025-02-22T05:40:39.372Z] Checked if tokens are valid: true, expires at: 1740205746550
[debug] [2025-02-22T05:40:39.372Z] Checked if tokens are valid: true, expires at: 1740205746550
[debug] [2025-02-22T05:40:39.372Z] >>> [apiv2][query] GET https://firebase.googleapis.com/v1beta1/projects pageSize=100
[debug] [2025-02-22T05:40:39.962Z] <<< [apiv2][status] GET https://firebase.googleapis.com/v1beta1/projects 200
[debug] [2025-02-22T05:40:39.962Z] <<< [apiv2][body] GET https://firebase.googleapis.com/v1beta1/projects [omitted]
[info] i  Using project briliantdo-architect (Briliantdo Architect) 
[info] 
=== Dataconnect Setup
[debug] [2025-02-22T05:40:40.653Z] Checked if tokens are valid: true, expires at: 1740205746550
[debug] [2025-02-22T05:40:40.653Z] Checked if tokens are valid: true, expires at: 1740205746550
[debug] [2025-02-22T05:40:40.653Z] >>> [apiv2][query] GET https://cloudbilling.googleapis.com/v1/projects/briliantdo-architect/billingInfo [none]
[debug] [2025-02-22T05:40:42.021Z] <<< [apiv2][status] GET https://cloudbilling.googleapis.com/v1/projects/briliantdo-architect/billingInfo 200
[debug] [2025-02-22T05:40:42.021Z] <<< [apiv2][body] GET https://cloudbilling.googleapis.com/v1/projects/briliantdo-architect/billingInfo {"name":"projects/briliantdo-architect/billingInfo","projectId":"briliantdo-architect","billingAccountName":"","billingEnabled":false}
[info] i  dataconnect: ensuring required API sqladmin.googleapis.com is enabled... 
[debug] [2025-02-22T05:40:42.022Z] Checked if tokens are valid: true, expires at: 1740205746550
[debug] [2025-02-22T05:40:42.022Z] Checked if tokens are valid: true, expires at: 1740205746550
[debug] [2025-02-22T05:40:42.022Z] >>> [apiv2][query] GET https://serviceusage.googleapis.com/v1/projects/briliantdo-architect/services/sqladmin.googleapis.com [none]
[debug] [2025-02-22T05:40:42.022Z] >>> [apiv2][(partial)header] GET https://serviceusage.googleapis.com/v1/projects/briliantdo-architect/services/sqladmin.googleapis.com x-goog-quota-user=projects/briliantdo-architect
[debug] [2025-02-22T05:40:43.456Z] <<< [apiv2][status] GET https://serviceusage.googleapis.com/v1/projects/briliantdo-architect/services/sqladmin.googleapis.com 200
[debug] [2025-02-22T05:40:43.456Z] <<< [apiv2][body] GET https://serviceusage.googleapis.com/v1/projects/briliantdo-architect/services/sqladmin.googleapis.com [omitted]
[info] +  dataconnect: required API sqladmin.googleapis.com is enabled 
[info] i  dataconnect\dataconnect.yaml is unchanged 
[info] i  dataconnect\schema\schema.gql is unchanged 
[info] +  Wrote dataconnect\connector\connector.yaml 
[info] i  dataconnect\connector\queries.gql is unchanged 
[info] i  dataconnect\connector\mutations.gql is unchanged 
[info] +  Detected WEB app in directory C:\Users\mmoga\Desktop\Projects\bored 
[info] i  Wrote new config to C:\Users\mmoga\Desktop\Projects\bored\dataconnect\connector/connector.yaml 
[info] I0222 12:40:47.619960    6232 codegen.go:82] [connector "default" javascriptSdk] Generating sources into "C:\\Users\\mmoga\\Desktop\\Projects\\bored\\dataconnect-generated\\js\\default-connector"
I0222 12:40:47.622504    6232 generate.go:40] Generated all sources. Writing them to disk...
I0222 12:40:47.625113    6232 collector.go:107] connector "default" javascriptSdk wrote into "C:\\Users\\mmoga\\Desktop\\Projects\\bored\\dataconnect-generated\\js\\default-connector"
Generated sources: react\esm\package.json [17B] react\esm\index.esm.js [181B] esm\package.json [17B] package.json [819B] react\index.d.ts [227B] react\package.json [468B] react\index.cjs.js [194B] index.d.ts [259B] esm\index.esm.js [164B] index.cjs.js [205B] README.md [2740B] 
I0222 12:40:47.636785    6232 installsdk.go:76] Running command: C:\Program Files\nodejs\npm.cmd install file:dataconnect-generated\js\default-connector

[info] i  Generated SDK code for default 
[info] +  If you'd like to add more generated SDKs to your app your later, run firebase init dataconnect:sdk again 
[info] i  If you'd like to provision a CloudSQL Postgres instance on the Firebase Data Connect no-cost trial:
1. Please upgrade to the pay-as-you-go (Blaze) billing plan. Visit the following page:
     https://console.firebase.google.com/project/briliantdo-architect/usage/details
2. Run firebase init dataconnect again to configure the Cloud SQL instance.
3. Run firebase deploy --only dataconnect to deploy your Data Connect service. 
[info] 
=== Firestore Setup
[debug] [2025-02-22T05:40:48.673Z] Checked if tokens are valid: true, expires at: 1740205746550
[debug] [2025-02-22T05:40:48.673Z] Checked if tokens are valid: true, expires at: 1740205746550
[debug] [2025-02-22T05:40:48.673Z] >>> [apiv2][query] GET https://serviceusage.googleapis.com/v1/projects/briliantdo-architect/services/firestore.googleapis.com [none]
[debug] [2025-02-22T05:40:48.673Z] >>> [apiv2][(partial)header] GET https://serviceusage.googleapis.com/v1/projects/briliantdo-architect/services/firestore.googleapis.com x-goog-quota-user=projects/briliantdo-architect
[debug] [2025-02-22T05:40:50.042Z] <<< [apiv2][status] GET https://serviceusage.googleapis.com/v1/projects/briliantdo-architect/services/firestore.googleapis.com 200
[debug] [2025-02-22T05:40:50.043Z] <<< [apiv2][body] GET https://serviceusage.googleapis.com/v1/projects/briliantdo-architect/services/firestore.googleapis.com [omitted]
[debug] [2025-02-22T05:40:50.043Z] Checked if tokens are valid: true, expires at: 1740205746550
[debug] [2025-02-22T05:40:50.043Z] Checked if tokens are valid: true, expires at: 1740205746550
[debug] [2025-02-22T05:40:50.043Z] >>> [apiv2][query] GET https://firestore.googleapis.com/v1/projects/briliantdo-architect/databases/(default) [none]
[debug] [2025-02-22T05:40:50.198Z] <<< [apiv2][status] GET https://firestore.googleapis.com/v1/projects/briliantdo-architect/databases/(default) 404
[debug] [2025-02-22T05:40:50.198Z] <<< [apiv2][body] GET https://firestore.googleapis.com/v1/projects/briliantdo-architect/databases/(default) {"error":{"code":404,"message":"Project 'briliantdo-architect' or database '(default)' does not exist.","status":"NOT_FOUND"}}
[debug] [2025-02-22T05:40:50.199Z] error getting database type:  Request to https://firestore.googleapis.com/v1/projects/briliantdo-architect/databases/(default) had HTTP Error: 404, Project 'briliantdo-architect' or database '(default)' does not exist. {"name":"FirebaseError","children":[],"context":{"body":{"error":{"code":404,"message":"Project 'briliantdo-architect' or database '(default)' does not exist.","status":"NOT_FOUND"}},"response":{"statusCode":404}},"exit":1,"message":"Request to https://firestore.googleapis.com/v1/projects/briliantdo-architect/databases/(default) had HTTP Error: 404, Project 'briliantdo-architect' or database '(default)' does not exist.","status":404}
[info] (default) does not exist in project briliantdo-architect.
[debug] [2025-02-22T05:40:50.199Z] database_type: DATABASE_DOES_NOT_EXIST
[debug] [2025-02-22T05:41:31.179Z] Checked if tokens are valid: true, expires at: 1740205746550
[debug] [2025-02-22T05:41:31.179Z] Checked if tokens are valid: true, expires at: 1740205746550
[debug] [2025-02-22T05:41:31.179Z] >>> [apiv2][query] GET https://firestore.googleapis.com/v1/projects/briliantdo-architect/databases/Jason [none]
[debug] [2025-02-22T05:41:31.295Z] <<< [apiv2][status] GET https://firestore.googleapis.com/v1/projects/briliantdo-architect/databases/Jason 404
[debug] [2025-02-22T05:41:31.295Z] <<< [apiv2][body] GET https://firestore.googleapis.com/v1/projects/briliantdo-architect/databases/Jason {"error":{"code":404,"message":"Project 'briliantdo-architect' or database 'Jason' does not exist.","status":"NOT_FOUND"}}
[debug] [2025-02-22T05:41:31.295Z] error getting database type:  Request to https://firestore.googleapis.com/v1/projects/briliantdo-architect/databases/Jason had HTTP Error: 404, Project 'briliantdo-architect' or database 'Jason' does not exist. {"name":"FirebaseError","children":[],"context":{"body":{"error":{"code":404,"message":"Project 'briliantdo-architect' or database 'Jason' does not exist.","status":"NOT_FOUND"}},"response":{"statusCode":404}},"exit":1,"message":"Request to https://firestore.googleapis.com/v1/projects/briliantdo-architect/databases/Jason had HTTP Error: 404, Project 'briliantdo-architect' or database 'Jason' does not exist.","status":404}
[info] Jason does not exist in project briliantdo-architect.
[debug] [2025-02-22T05:41:31.295Z] database_type: DATABASE_DOES_NOT_EXIST
[debug] [2025-02-22T05:44:08.607Z] Checked if tokens are valid: true, expires at: 1740205746550
[debug] [2025-02-22T05:44:08.607Z] Checked if tokens are valid: true, expires at: 1740205746550
[debug] [2025-02-22T05:44:08.607Z] >>> [apiv2][query] GET https://firestore.googleapis.com/v1/projects/briliantdo-architect/databases/5588 [none]
[debug] [2025-02-22T05:44:08.765Z] <<< [apiv2][status] GET https://firestore.googleapis.com/v1/projects/briliantdo-architect/databases/5588 404
[debug] [2025-02-22T05:44:08.765Z] <<< [apiv2][body] GET https://firestore.googleapis.com/v1/projects/briliantdo-architect/databases/5588 {"error":{"code":404,"message":"Project 'briliantdo-architect' or database '5588' does not exist.","status":"NOT_FOUND"}}
[debug] [2025-02-22T05:44:08.765Z] error getting database type:  Request to https://firestore.googleapis.com/v1/projects/briliantdo-architect/databases/5588 had HTTP Error: 404, Project 'briliantdo-architect' or database '5588' does not exist. {"name":"FirebaseError","children":[],"context":{"body":{"error":{"code":404,"message":"Project 'briliantdo-architect' or database '5588' does not exist.","status":"NOT_FOUND"}},"response":{"statusCode":404}},"exit":1,"message":"Request to https://firestore.googleapis.com/v1/projects/briliantdo-architect/databases/5588 had HTTP Error: 404, Project 'briliantdo-architect' or database '5588' does not exist.","status":404}
[info] 5588 does not exist in project briliantdo-architect.
[debug] [2025-02-22T05:44:08.765Z] database_type: DATABASE_DOES_NOT_EXIST
[debug] [2025-02-22T05:44:23.569Z] Checked if tokens are valid: true, expires at: 1740205746550
[debug] [2025-02-22T05:44:23.570Z] Checked if tokens are valid: true, expires at: 1740205746550
[debug] [2025-02-22T05:44:23.570Z] >>> [apiv2][query] GET https://firestore.googleapis.com/v1/projects/briliantdo-architect/databases/default [none]
[debug] [2025-02-22T05:44:23.739Z] <<< [apiv2][status] GET https://firestore.googleapis.com/v1/projects/briliantdo-architect/databases/default 404
[debug] [2025-02-22T05:44:23.739Z] <<< [apiv2][body] GET https://firestore.googleapis.com/v1/projects/briliantdo-architect/databases/default {"error":{"code":404,"message":"Project 'briliantdo-architect' or database 'default' does not exist.","status":"NOT_FOUND"}}
[debug] [2025-02-22T05:44:23.739Z] error getting database type:  Request to https://firestore.googleapis.com/v1/projects/briliantdo-architect/databases/default had HTTP Error: 404, Project 'briliantdo-architect' or database 'default' does not exist. {"name":"FirebaseError","children":[],"context":{"body":{"error":{"code":404,"message":"Project 'briliantdo-architect' or database 'default' does not exist.","status":"NOT_FOUND"}},"response":{"statusCode":404}},"exit":1,"message":"Request to https://firestore.googleapis.com/v1/projects/briliantdo-architect/databases/default had HTTP Error: 404, Project 'briliantdo-architect' or database 'default' does not exist.","status":404}
[info] default does not exist in project briliantdo-architect.
[debug] [2025-02-22T05:44:23.740Z] database_type: DATABASE_DOES_NOT_EXIST
[debug] [2025-02-22T05:44:25.603Z] Checked if tokens are valid: true, expires at: 1740205746550
[debug] [2025-02-22T05:44:25.604Z] Checked if tokens are valid: true, expires at: 1740205746550
[debug] [2025-02-22T05:44:25.604Z] >>> [apiv2][query] GET https://firestore.googleapis.com/v1/projects/briliantdo-architect/databases/a [none]
[debug] [2025-02-22T05:44:25.689Z] <<< [apiv2][status] GET https://firestore.googleapis.com/v1/projects/briliantdo-architect/databases/a 404
[debug] [2025-02-22T05:44:25.689Z] <<< [apiv2][body] GET https://firestore.googleapis.com/v1/projects/briliantdo-architect/databases/a {"error":{"code":404,"message":"Project 'briliantdo-architect' or database 'a' does not exist.","status":"NOT_FOUND"}}
[debug] [2025-02-22T05:44:25.690Z] error getting database type:  Request to https://firestore.googleapis.com/v1/projects/briliantdo-architect/databases/a had HTTP Error: 404, Project 'briliantdo-architect' or database 'a' does not exist. {"name":"FirebaseError","children":[],"context":{"body":{"error":{"code":404,"message":"Project 'briliantdo-architect' or database 'a' does not exist.","status":"NOT_FOUND"}},"response":{"statusCode":404}},"exit":1,"message":"Request to https://firestore.googleapis.com/v1/projects/briliantdo-architect/databases/a had HTTP Error: 404, Project 'briliantdo-architect' or database 'a' does not exist.","status":404}
[info] a does not exist in project briliantdo-architect.
[debug] [2025-02-22T05:44:25.690Z] database_type: DATABASE_DOES_NOT_EXIST
[debug] [2025-02-22T05:44:39.116Z] Checked if tokens are valid: true, expires at: 1740205746550
[debug] [2025-02-22T05:44:39.116Z] Checked if tokens are valid: true, expires at: 1740205746550
[debug] [2025-02-22T05:44:39.116Z] >>> [apiv2][query] GET https://firestore.googleapis.com/v1/projects/briliantdo-architect/databases/database [none]
[debug] [2025-02-22T05:44:39.232Z] <<< [apiv2][status] GET https://firestore.googleapis.com/v1/projects/briliantdo-architect/databases/database 404
[debug] [2025-02-22T05:44:39.232Z] <<< [apiv2][body] GET https://firestore.googleapis.com/v1/projects/briliantdo-architect/databases/database {"error":{"code":404,"message":"Project 'briliantdo-architect' or database 'database' does not exist.","status":"NOT_FOUND"}}
[debug] [2025-02-22T05:44:39.233Z] error getting database type:  Request to https://firestore.googleapis.com/v1/projects/briliantdo-architect/databases/database had HTTP Error: 404, Project 'briliantdo-architect' or database 'database' does not exist. {"name":"FirebaseError","children":[],"context":{"body":{"error":{"code":404,"message":"Project 'briliantdo-architect' or database 'database' does not exist.","status":"NOT_FOUND"}},"response":{"statusCode":404}},"exit":1,"message":"Request to https://firestore.googleapis.com/v1/projects/briliantdo-architect/databases/database had HTTP Error: 404, Project 'briliantdo-architect' or database 'database' does not exist.","status":404}
[info] database does not exist in project briliantdo-architect.
[debug] [2025-02-22T05:44:39.233Z] database_type: DATABASE_DOES_NOT_EXIST
[debug] [2025-02-22T05:45:16.168Z] Checked if tokens are valid: true, expires at: 1740205746550
[debug] [2025-02-22T05:45:16.168Z] Checked if tokens are valid: true, expires at: 1740205746550
[debug] [2025-02-22T05:45:16.168Z] >>> [apiv2][query] GET https://firestore.googleapis.com/v1/projects/briliantdo-architect/databases/a [none]
[debug] [2025-02-22T05:45:16.289Z] <<< [apiv2][status] GET https://firestore.googleapis.com/v1/projects/briliantdo-architect/databases/a 404
[debug] [2025-02-22T05:45:16.290Z] <<< [apiv2][body] GET https://firestore.googleapis.com/v1/projects/briliantdo-architect/databases/a {"error":{"code":404,"message":"Project 'briliantdo-architect' or database 'a' does not exist.","status":"NOT_FOUND"}}
[debug] [2025-02-22T05:45:16.290Z] error getting database type:  Request to https://firestore.googleapis.com/v1/projects/briliantdo-architect/databases/a had HTTP Error: 404, Project 'briliantdo-architect' or database 'a' does not exist. {"name":"FirebaseError","children":[],"context":{"body":{"error":{"code":404,"message":"Project 'briliantdo-architect' or database 'a' does not exist.","status":"NOT_FOUND"}},"response":{"statusCode":404}},"exit":1,"message":"Request to https://firestore.googleapis.com/v1/projects/briliantdo-architect/databases/a had HTTP Error: 404, Project 'briliantdo-architect' or database 'a' does not exist.","status":404}
[info] a does not exist in project briliantdo-architect.
[debug] [2025-02-22T05:45:16.290Z] database_type: DATABASE_DOES_NOT_EXIST
